app/build/intermediates/manifest_merge_blame_file/debug/processDebugMainManifest/manifest-merger-blame-debug-report.txt
1<?xml version="1.0" encoding="utf-8"?>
2<manifest xmlns:android="http://schemas.android.com/apk/res/android"
3    package="com.nbjiragale.drinkwater"
4    android:versionCode="1"
5    android:versionName="1.0" >
6
7    <uses-sdk
8        android:minSdkVersion="23"
9        android:targetSdkVersion="35" />
10
11    <!-- Alarm and scheduling -->
12    <uses-permission android:name="android.permission.RECEIVE_BOOT_COMPLETED" />
12-->src\main\AndroidManifest.xml:5:5-81
12-->src\main\AndroidManifest.xml:5:22-78
13    <uses-permission android:name="android.permission.WAKE_LOCK" />
13-->src\main\AndroidManifest.xml:6:5-68
13-->src\main\AndroidManifest.xml:6:22-65
14    <uses-permission android:name="android.permission.VIBRATE" />
14-->src\main\AndroidManifest.xml:7:5-66
14-->src\main\AndroidManifest.xml:7:22-63
15    <uses-permission android:name="android.permission.SCHEDULE_EXACT_ALARM" />
15-->src\main\AndroidManifest.xml:8:5-79
15-->src\main\AndroidManifest.xml:8:22-76
16
17    <!-- Battery optimization exclusion request -->
18    <uses-permission android:name="android.permission.REQUEST_IGNORE_BATTERY_OPTIMIZATIONS" />
18-->src\main\AndroidManifest.xml:11:5-95
18-->src\main\AndroidManifest.xml:11:22-92
19
20    <!-- Android 13+ notification permission -->
21    <uses-permission android:name="android.permission.POST_NOTIFICATIONS" />
21-->src\main\AndroidManifest.xml:14:5-77
21-->src\main\AndroidManifest.xml:14:22-74
22
23    <!-- Full-screen intent for lock-screen popups (user-controlled on Android 14+) -->
24    <uses-permission android:name="android.permission.USE_FULL_SCREEN_INTENT" />
24-->src\main\AndroidManifest.xml:17:5-81
24-->src\main\AndroidManifest.xml:17:22-78
25
26    <permission
26-->[androidx.core:core:1.13.1] AndroidManifest.xml:22:5-24:47
27        android:name="com.nbjiragale.drinkwater.DYNAMIC_RECEIVER_NOT_EXPORTED_PERMISSION"
27-->[androidx.core:core:1.13.1] AndroidManifest.xml:23:9-81
28        android:protectionLevel="signature" />
28-->[androidx.core:core:1.13.1] AndroidManifest.xml:24:9-44
29
30    <uses-permission android:name="com.nbjiragale.drinkwater.DYNAMIC_RECEIVER_NOT_EXPORTED_PERMISSION" />
30-->[androidx.core:core:1.13.1] AndroidManifest.xml:26:5-97
30-->[androidx.core:core:1.13.1] AndroidManifest.xml:26:22-94
31
32    <application
32-->src\main\AndroidManifest.xml:19:5-70:19
33        android:allowBackup="true"
33-->src\main\AndroidManifest.xml:20:9-35
34        android:appComponentFactory="androidx.core.app.CoreComponentFactory"
34-->[androidx.core:core:1.13.1] AndroidManifest.xml:28:18-86
35        android:debuggable="true"
36        android:extractNativeLibs="false"
37        android:icon="@mipmap/ic_launcher"
37-->src\main\AndroidManifest.xml:21:9-43
38        android:label="@string/app_name"
38-->src\main\AndroidManifest.xml:22:9-41
39        android:roundIcon="@mipmap/ic_launcher_round"
39-->src\main\AndroidManifest.xml:23:9-54
40        android:supportsRtl="true"
40-->src\main\AndroidManifest.xml:24:9-35
41        android:testOnly="true"
42        android:theme="@style/Theme.DrinkWater" >
42-->src\main\AndroidManifest.xml:25:9-48
43        <activity
43-->src\main\AndroidManifest.xml:27:9-34:20
44            android:name="com.nbjiragale.drinkwater.MainActivity"
44-->src\main\AndroidManifest.xml:28:13-41
45            android:exported="true" >
45-->src\main\AndroidManifest.xml:29:13-36
46            <intent-filter>
46-->src\main\AndroidManifest.xml:30:13-33:29
47                <action android:name="android.intent.action.MAIN" />
47-->src\main\AndroidManifest.xml:31:17-69
47-->src\main\AndroidManifest.xml:31:25-66
48
49                <category android:name="android.intent.category.LAUNCHER" />
49-->src\main\AndroidManifest.xml:32:17-77
49-->src\main\AndroidManifest.xml:32:27-74
50            </intent-filter>
51        </activity>
52        <activity
52-->src\main\AndroidManifest.xml:36:9-38:40
53            android:name="com.nbjiragale.drinkwater.OnboardingActivity"
53-->src\main\AndroidManifest.xml:37:13-47
54            android:exported="false" />
54-->src\main\AndroidManifest.xml:38:13-37
55        <activity
55-->src\main\AndroidManifest.xml:40:9-47:40
56            android:name="com.nbjiragale.drinkwater.DrinkReminderFullScreenActivity"
56-->src\main\AndroidManifest.xml:41:13-60
57            android:excludeFromRecents="true"
57-->src\main\AndroidManifest.xml:46:13-46
58            android:exported="false"
58-->src\main\AndroidManifest.xml:42:13-37
59            android:noHistory="true"
59-->src\main\AndroidManifest.xml:47:13-37
60            android:showWhenLocked="true"
60-->src\main\AndroidManifest.xml:43:13-42
61            android:theme="@style/Theme.DrinkWater.FullScreen"
61-->src\main\AndroidManifest.xml:45:13-63
62            android:turnScreenOn="true" />
62-->src\main\AndroidManifest.xml:44:13-40
63
64        <!-- AlarmManager broadcasts this to our own app; exported=false is correct -->
65        <receiver
65-->src\main\AndroidManifest.xml:50:9-52:40
66            android:name="com.nbjiragale.drinkwater.alarm.AlarmReceiver"
66-->src\main\AndroidManifest.xml:51:13-48
67            android:exported="false" />
67-->src\main\AndroidManifest.xml:52:13-37
68
69        <!--
70            BootReceiver must be exported=true so the system can send
71            BOOT_COMPLETED and other system-wide broadcasts.
72            Priority 999 ensures early execution during boot sequence.
73        -->
74        <receiver
74-->src\main\AndroidManifest.xml:59:9-68:20
75            android:name="com.nbjiragale.drinkwater.alarm.BootReceiver"
75-->src\main\AndroidManifest.xml:60:13-47
76            android:exported="true" >
76-->src\main\AndroidManifest.xml:61:13-36
77            <intent-filter android:priority="999" >
77-->src\main\AndroidManifest.xml:62:13-67:29
77-->src\main\AndroidManifest.xml:62:28-50
78                <action android:name="android.intent.action.BOOT_COMPLETED" />
78-->src\main\AndroidManifest.xml:63:17-79
78-->src\main\AndroidManifest.xml:63:25-76
79                <action android:name="android.intent.action.MY_PACKAGE_REPLACED" />
79-->src\main\AndroidManifest.xml:64:17-84
79-->src\main\AndroidManifest.xml:64:25-81
80                <action android:name="android.intent.action.TIME_SET" />
80-->src\main\AndroidManifest.xml:65:17-73
80-->src\main\AndroidManifest.xml:65:25-70
81                <action android:name="android.intent.action.TIMEZONE_CHANGED" />
81-->src\main\AndroidManifest.xml:66:17-81
81-->src\main\AndroidManifest.xml:66:25-78
82            </intent-filter>
83        </receiver>
84
85        <provider
85-->[androidx.emoji2:emoji2:1.3.0] AndroidManifest.xml:24:9-32:20
86            android:name="androidx.startup.InitializationProvider"
86-->[androidx.emoji2:emoji2:1.3.0] AndroidManifest.xml:25:13-67
87            android:authorities="com.nbjiragale.drinkwater.androidx-startup"
87-->[androidx.emoji2:emoji2:1.3.0] AndroidManifest.xml:26:13-68
88            android:exported="false" >
88-->[androidx.emoji2:emoji2:1.3.0] AndroidManifest.xml:27:13-37
89            <meta-data
89-->[androidx.emoji2:emoji2:1.3.0] AndroidManifest.xml:29:13-31:52
90                android:name="androidx.emoji2.text.EmojiCompatInitializer"
90-->[androidx.emoji2:emoji2:1.3.0] AndroidManifest.xml:30:17-75
91                android:value="androidx.startup" />
91-->[androidx.emoji2:emoji2:1.3.0] AndroidManifest.xml:31:17-49
92            <meta-data
92-->[androidx.lifecycle:lifecycle-process:2.6.2] AndroidManifest.xml:29:13-31:52
93                android:name="androidx.lifecycle.ProcessLifecycleInitializer"
93-->[androidx.lifecycle:lifecycle-process:2.6.2] AndroidManifest.xml:30:17-78
94                android:value="androidx.startup" />
94-->[androidx.lifecycle:lifecycle-process:2.6.2] AndroidManifest.xml:31:17-49
95            <meta-data
95-->[androidx.profileinstaller:profileinstaller:1.3.1] AndroidManifest.xml:29:13-31:52
96                android:name="androidx.profileinstaller.ProfileInstallerInitializer"
96-->[androidx.profileinstaller:profileinstaller:1.3.1] AndroidManifest.xml:30:17-85
97                android:value="androidx.startup" />
97-->[androidx.profileinstaller:profileinstaller:1.3.1] AndroidManifest.xml:31:17-49
98        </provider>
99
100        <receiver
100-->[androidx.profileinstaller:profileinstaller:1.3.1] AndroidManifest.xml:34:9-52:20
101            android:name="androidx.profileinstaller.ProfileInstallReceiver"
101-->[androidx.profileinstaller:profileinstaller:1.3.1] AndroidManifest.xml:35:13-76
102            android:directBootAware="false"
102-->[androidx.profileinstaller:profileinstaller:1.3.1] AndroidManifest.xml:36:13-44
103            android:enabled="true"
103-->[androidx.profileinstaller:profileinstaller:1.3.1] AndroidManifest.xml:37:13-35
104            android:exported="true"
104-->[androidx.profileinstaller:profileinstaller:1.3.1] AndroidManifest.xml:38:13-36
105            android:permission="android.permission.DUMP" >
105-->[androidx.profileinstaller:profileinstaller:1.3.1] AndroidManifest.xml:39:13-57
106            <intent-filter>
106-->[androidx.profileinstaller:profileinstaller:1.3.1] AndroidManifest.xml:40:13-42:29
107                <action android:name="androidx.profileinstaller.action.INSTALL_PROFILE" />
107-->[androidx.profileinstaller:profileinstaller:1.3.1] AndroidManifest.xml:41:17-91
107-->[androidx.profileinstaller:profileinstaller:1.3.1] AndroidManifest.xml:41:25-88
108            </intent-filter>
109            <intent-filter>
109-->[androidx.profileinstaller:profileinstaller:1.3.1] AndroidManifest.xml:43:13-45:29
110                <action android:name="androidx.profileinstaller.action.SKIP_FILE" />
110-->[androidx.profileinstaller:profileinstaller:1.3.1] AndroidManifest.xml:44:17-85
110-->[androidx.profileinstaller:profileinstaller:1.3.1] AndroidManifest.xml:44:25-82
111            </intent-filter>
112            <intent-filter>
112-->[androidx.profileinstaller:profileinstaller:1.3.1] AndroidManifest.xml:46:13-48:29
113                <action android:name="androidx.profileinstaller.action.SAVE_PROFILE" />
113-->[androidx.profileinstaller:profileinstaller:1.3.1] AndroidManifest.xml:47:17-88
113-->[androidx.profileinstaller:profileinstaller:1.3.1] AndroidManifest.xml:47:25-85
114            </intent-filter>
115            <intent-filter>
115-->[androidx.profileinstaller:profileinstaller:1.3.1] AndroidManifest.xml:49:13-51:29
116                <action android:name="androidx.profileinstaller.action.BENCHMARK_OPERATION" />
116-->[androidx.profileinstaller:profileinstaller:1.3.1] AndroidManifest.xml:50:17-95
116-->[androidx.profileinstaller:profileinstaller:1.3.1] AndroidManifest.xml:50:25-92
117            </intent-filter>
118        </receiver>
119    </application>
120
121</manifest>